<?xml version="1.0" encoding="UTF-8"?>
<testsuite name="com.test.HelloWorldMaven.AppTest" tests="1" skipped="0" failures="0" errors="0" timestamp="2024-09-06T10:10:05" hostname="Calvins-MacBook-Air.local" time="0.001">
  <properties/>
  <testcase name="testApp" classname="com.test.HelloWorldMaven.AppTest" time="0.001"/>
  <system-out><![CDATA[]]></system-out>
  <system-err><![CDATA[]]></system-err>
</testsuite>
